{"model": "default", "time": "2017-07-10T16:55:05.252289", "user_input": {"entities": [], "intent": {"confidence": 0.9190056031065198, "name": "getLocation"}, "text": "How much distance from ooty"}}
{"model": "default", "time": "2017-07-10T16:55:05.254434", "user_input": {"entities": [{"end": 38, "entity": "Amenity", "extractor": "ner_mitie", "start": 33, "value": "hours"}], "intent": {"confidence": 1.0368782905407068, "name": "getInventory"}, "text": " How much you will charge for 48 hours"}}
{"model": "default", "time": "2017-07-10T16:55:05.256384", "user_input": {"entities": [], "intent": {"confidence": 0.5282473729398299, "name": "getHouseRule"}, "text": " Is it safe for couples"}}
{"model": "default", "time": "2017-07-10T17:02:08.148549", "user_input": {"entities": [], "intent": {"confidence": 0.9190056031065198, "name": "getLocation"}, "text": "How much distance from ooty"}}
{"model": "default", "time": "2017-07-10T17:02:08.150325", "user_input": {"entities": [{"end": 38, "entity": "Amenity", "extractor": "ner_mitie", "start": 33, "value": "hours"}], "intent": {"confidence": 1.0368782905407068, "name": "getInventory"}, "text": " How much you will charge for 48 hours"}}
{"model": "default", "time": "2017-07-10T17:02:08.152284", "user_input": {"entities": [], "intent": {"confidence": 0.5282473729398299, "name": "getHouseRule"}, "text": " Is it safe for couples"}}
{"model": "default", "time": "2017-07-10T17:02:34.648399", "user_input": {"entities": [], "intent": {"confidence": 0.9190056031065198, "name": "getLocation"}, "text": "How much distance from ooty"}}
{"model": "default", "time": "2017-07-10T17:02:34.649889", "user_input": {"entities": [{"end": 38, "entity": "Amenity", "extractor": "ner_mitie", "start": 33, "value": "hours"}], "intent": {"confidence": 1.0368782905407068, "name": "getInventory"}, "text": " How much you will charge for 48 hours"}}
{"model": "default", "time": "2017-07-10T17:02:34.651236", "user_input": {"entities": [], "intent": {"confidence": 0.5282473729398299, "name": "getHouseRule"}, "text": " Is it safe for couples"}}
{"model": "default", "time": "2017-07-10T17:03:05.131246", "user_input": {"entities": [], "intent": {"confidence": 0.9190056031065198, "name": "getLocation"}, "text": "How much distance from ooty"}}
{"model": "default", "time": "2017-07-10T17:03:05.132784", "user_input": {"entities": [{"end": 38, "entity": "Amenity", "extractor": "ner_mitie", "start": 33, "value": "hours"}], "intent": {"confidence": 1.0368782905407068, "name": "getInventory"}, "text": " How much you will charge for 48 hours"}}
{"model": "default", "time": "2017-07-10T17:03:05.134327", "user_input": {"entities": [], "intent": {"confidence": 0.5282473729398299, "name": "getHouseRule"}, "text": " Is it safe for couples"}}
{"model": "default", "time": "2017-07-10T17:03:24.384211", "user_input": {"entities": [], "intent": {"confidence": 0.9190056031065198, "name": "getLocation"}, "text": "How much distance from ooty"}}
{"model": "default", "time": "2017-07-10T17:03:24.386058", "user_input": {"entities": [{"end": 38, "entity": "Amenity", "extractor": "ner_mitie", "start": 33, "value": "hours"}], "intent": {"confidence": 1.0368782905407068, "name": "getInventory"}, "text": " How much you will charge for 48 hours"}}
{"model": "default", "time": "2017-07-10T17:03:24.387910", "user_input": {"entities": [], "intent": {"confidence": 0.5282473729398299, "name": "getHouseRule"}, "text": " Is it safe for couples"}}
{"model": "default", "time": "2017-07-10T17:24:13.779831", "user_input": {"entities": [], "intent": {"confidence": 0.9190056031065198, "name": "getLocation"}, "text": "How much distance from ooty"}}
{"model": "default", "time": "2017-07-10T17:24:13.781824", "user_input": {"entities": [{"end": 38, "entity": "Amenity", "extractor": "ner_mitie", "start": 33, "value": "hours"}], "intent": {"confidence": 1.0368782905407068, "name": "getInventory"}, "text": " How much you will charge for 48 hours"}}
{"model": "default", "time": "2017-07-10T17:24:13.783914", "user_input": {"entities": [], "intent": {"confidence": 0.5282473729398299, "name": "getHouseRule"}, "text": " Is it safe for couples"}}
{"model": "default", "time": "2017-07-10T17:25:23.125335", "user_input": {"entities": [], "intent": {"confidence": 0.9190056031065198, "name": "getLocation"}, "text": "How much distance from ooty"}}
{"model": "default", "time": "2017-07-10T17:25:23.126968", "user_input": {"entities": [{"end": 38, "entity": "Amenity", "extractor": "ner_mitie", "start": 33, "value": "hours"}], "intent": {"confidence": 1.0368782905407068, "name": "getInventory"}, "text": " How much you will charge for 48 hours"}}
{"model": "default", "time": "2017-07-10T17:25:23.128457", "user_input": {"entities": [], "intent": {"confidence": 0.5282473729398299, "name": "getHouseRule"}, "text": " Is it safe for couples"}}
{"model": "default", "time": "2017-07-10T17:25:36.868929", "user_input": {"entities": [], "intent": {"confidence": 0.9190056031065198, "name": "getLocation"}, "text": "How much distance from ooty"}}
{"model": "default", "time": "2017-07-10T17:25:36.870839", "user_input": {"entities": [{"end": 38, "entity": "Amenity", "extractor": "ner_mitie", "start": 33, "value": "hours"}], "intent": {"confidence": 1.0368782905407068, "name": "getInventory"}, "text": " How much you will charge for 48 hours"}}
{"model": "default", "time": "2017-07-10T17:25:36.873129", "user_input": {"entities": [], "intent": {"confidence": 0.5282473729398299, "name": "getHouseRule"}, "text": " Is it safe for couples"}}
{"model": "default", "time": "2017-07-10T17:52:28.606665", "user_input": {"entities": [], "intent": {"confidence": 0.9190056031065198, "name": "getLocation"}, "text": "How much distance from ooty"}}
{"model": "default", "time": "2017-07-10T17:52:28.608480", "user_input": {"entities": [{"end": 38, "entity": "Amenity", "extractor": "ner_mitie", "start": 33, "value": "hours"}], "intent": {"confidence": 1.0368782905407068, "name": "getInventory"}, "text": " How much you will charge for 48 hours"}}
{"model": "default", "time": "2017-07-10T17:52:28.610241", "user_input": {"entities": [], "intent": {"confidence": 0.5282473729398299, "name": "getHouseRule"}, "text": " Is it safe for couples"}}
{"model": "default", "time": "2017-07-10T17:58:25.963850", "user_input": {"entities": [], "intent": {"confidence": 0.9190056031065198, "name": "getLocation"}, "text": "How much distance from ooty"}}
{"model": "default", "time": "2017-07-10T17:58:25.965535", "user_input": {"entities": [{"end": 38, "entity": "Amenity", "extractor": "ner_mitie", "start": 33, "value": "hours"}], "intent": {"confidence": 1.0368782905407068, "name": "getInventory"}, "text": " How much you will charge for 48 hours"}}
{"model": "default", "time": "2017-07-10T17:58:25.967488", "user_input": {"entities": [], "intent": {"confidence": 0.5282473729398299, "name": "getHouseRule"}, "text": " Is it safe for couples"}}
{"model": "default", "time": "2017-07-10T18:04:09.807757", "user_input": {"entities": [], "intent": {"confidence": 0.9190056031065198, "name": "getLocation"}, "text": "How much distance from ooty"}}
{"model": "default", "time": "2017-07-10T18:04:09.809610", "user_input": {"entities": [{"end": 38, "entity": "Amenity", "extractor": "ner_mitie", "start": 33, "value": "hours"}], "intent": {"confidence": 1.0368782905407068, "name": "getInventory"}, "text": " How much you will charge for 48 hours"}}
{"model": "default", "time": "2017-07-10T18:04:09.811578", "user_input": {"entities": [], "intent": {"confidence": 0.5282473729398299, "name": "getHouseRule"}, "text": " Is it safe for couples"}}
{"model": "default", "time": "2017-07-10T18:04:49.746646", "user_input": {"entities": [{"end": 27, "entity": "Amenity", "extractor": "ner_mitie", "start": 22, "value": "dummy"}, {"end": 32, "entity": "Amenity", "extractor": "ner_mitie", "start": 28, "value": "text"}, {"end": 48, "entity": "Amenity", "extractor": "ner_mitie", "start": 40, "value": "printing"}, {"end": 64, "entity": "Amenity", "extractor": "ner_mitie", "start": 53, "value": "typesetting"}], "intent": {"confidence": 0.48742842633322386, "name": "getAmenities"}, "text": "Lorem Ipsum is simply dummy text of the printing and typesetting industry"}}
{"model": "default", "time": "2017-07-10T18:04:49.747855", "user_input": {"entities": [], "intent": {"confidence": 0.0, "name": ""}, "text": ""}}
{"model": "default", "time": "2017-07-10T18:04:49.750198", "user_input": {"entities": [{"end": 32, "entity": "Amenity", "extractor": "ner_mitie", "start": 27, "value": "1960s"}, {"end": 61, "entity": "HouseRule", "extractor": "ner_mitie", "start": 53, "value": "Letraset"}, {"end": 85, "entity": "HouseRule", "extractor": "ner_mitie", "start": 80, "value": "Lorem"}, {"end": 132, "entity": "Amenity", "extractor": "ner_mitie", "start": 125, "value": "desktop"}, {"end": 157, "entity": "HouseRule", "extractor": "ner_mitie", "start": 153, "value": "like"}, {"end": 163, "entity": "HouseRule", "extractor": "ner_mitie", "start": 158, "value": "Aldus"}, {"end": 173, "entity": "Amenity", "extractor": "ner_mitie", "start": 164, "value": "PageMaker"}, {"end": 192, "entity": "HouseRule", "extractor": "ner_mitie", "start": 184, "value": "versions"}, {"end": 201, "entity": "HouseRule", "extractor": "ner_mitie", "start": 196, "value": "Lorem"}], "intent": {"confidence": 0.3423007103296756, "name": "getLocation"}, "text": " It was popularised in the 1960s with the release of Letraset sheets containing Lorem Ipsum passages, and more recently with desktop publishing software like Aldus PageMaker including versions of Lorem Ipsum"}}
{"model": "default", "time": "2017-07-10T18:04:49.752807", "user_input": {"entities": [{"end": 30, "entity": "Amenity", "extractor": "ner_mitie", "start": 26, "value": "five"}, {"end": 40, "entity": "Amenity", "extractor": "ner_mitie", "start": 31, "value": "centuries"}, {"end": 87, "entity": "HouseRule", "extractor": "ner_mitie", "start": 76, "value": "typesetting"}, {"end": 88, "entity": "HouseRule", "extractor": "ner_mitie", "start": 87, "value": ","}, {"end": 98, "entity": "Amenity", "extractor": "ner_mitie", "start": 89, "value": "remaining"}, {"end": 120, "entity": "Amenity", "extractor": "ner_mitie", "start": 111, "value": "unchanged"}], "intent": {"confidence": 0.42757747766968907, "name": "getAmenities"}, "text": " It has survived not only five centuries, but also the leap into electronic typesetting, remaining essentially unchanged"}}
{"model": "default", "time": "2017-07-10T18:04:49.755707", "user_input": {"entities": [{"end": 51, "entity": "Amenity", "extractor": "ner_mitie", "start": 46, "value": "dummy"}, {"end": 56, "entity": "HouseRule", "extractor": "ner_mitie", "start": 52, "value": "text"}, {"end": 77, "entity": "Amenity", "extractor": "ner_mitie", "start": 72, "value": "1500s"}, {"end": 94, "entity": "HouseRule", "extractor": "ner_mitie", "start": 87, "value": "unknown"}, {"end": 102, "entity": "Amenity", "extractor": "ner_mitie", "start": 95, "value": "printer"}, {"end": 116, "entity": "Amenity", "extractor": "ner_mitie", "start": 110, "value": "galley"}], "intent": {"confidence": 0.4607126651624543, "name": "getLocation"}, "text": " Lorem Ipsum has been the industry's standard dummy text ever since the 1500s, when an unknown printer took a galley of type and scrambled it to make a type specimen book"}}
