{"model": "default", "time": "2017-07-09T11:11:08.827139", "user_input": {"entities": [{"end": 18, "entity": "HouseRule", "extractor": "ner_mitie", "processors": ["ner_synonyms"], "start": 15, "value": "HouseRule"}], "intent": {"confidence": 1.0992519629983344, "name": "getHouseRule"}, "text": "Can I bring my pet?"}}
{"model": "default", "time": "2017-07-09T11:11:15.834504", "user_input": {"entities": [], "intent": {"confidence": 0.7401718450766899, "name": "Greeting"}, "text": "sir"}}
{"model": "default", "time": "2017-07-09T11:11:40.460950", "user_input": {"entities": [], "intent": {"confidence": 2.079010009450479, "name": "GetWeather"}, "text": "model_20170708-070108"}}
{"model": "default", "time": "2017-07-09T11:12:15.597449", "user_input": {"entities": [{"end": 59, "entity": "Amenity", "extractor": "ner_mitie", "start": 54, "value": "years"}], "intent": {"confidence": 0.9488149412498902, "name": "getInventory"}, "text": "we have 3 children along with us 2 of 5yrs and 1 of 2 years"}}
{"model": "default", "time": "2017-07-09T11:12:46.108942", "user_input": {"entities": [{"end": 14, "entity": "Amenity", "extractor": "ner_mitie", "processors": ["ner_synonyms"], "start": 10, "value": "Tariff"}], "intent": {"confidence": 2.099518133592272, "name": "getInventory"}, "text": "any extra cost"}}
{"model": "default", "time": "2017-07-09T11:13:09.695955", "user_input": {"entities": [{"end": 20, "entity": "Amenity", "extractor": "ner_mitie", "start": 13, "value": "tourist"}], "intent": {"confidence": 0.8707123638890513, "name": "getAmenities"}, "text": "what about a tourist guide"}}
{"model": "default", "time": "2017-07-09T11:13:32.451392", "user_input": {"entities": [{"end": 21, "entity": "Amenity", "extractor": "ner_mitie", "start": 16, "value": "guide"}], "intent": {"confidence": 0.38296658979848336, "name": "getInventory"}, "text": "we would want a guide to take us around"}}
{"model": "default", "time": "2017-07-09T11:13:49.511127", "user_input": {"entities": [], "intent": {"confidence": 0.675058107447871, "name": "getAmenities"}, "text": "we would have our own vehicle"}}
{"model": "default", "time": "2017-07-09T11:15:40.943473", "user_input": {"entities": [{"end": 25, "entity": "precipitationType", "extractor": "ner_mitie", "start": 19, "value": "Manali"}], "intent": {"confidence": 0.4875475099633593, "name": "getHouseRule"}, "text": "Hi I want to visit Manali with my girl friend in July"}}
{"model": "default", "time": "2017-07-09T11:16:04.190606", "user_input": {"entities": [], "intent": {"confidence": 0.5670217769993346, "name": "getInventory"}, "text": "I am from Kolkata"}}
{"model": "default", "time": "2017-07-09T11:16:21.067452", "user_input": {"entities": [{"end": 20, "entity": "Amenity", "extractor": "ner_mitie", "start": 10, "value": "wheelchair"}, {"end": 24, "entity": "Amenity", "extractor": "ner_mitie", "start": 21, "value": "and"}], "intent": {"confidence": 0.5095912270863262, "name": "getAmenities"}, "text": "I am in a wheelchair and paralyzed"}}
{"model": "default", "time": "2017-07-09T11:16:38.609932", "user_input": {"entities": [{"end": 27, "entity": "Amenity", "extractor": "ner_mitie", "start": 21, "value": "ground"}, {"end": 33, "entity": "Amenity", "extractor": "ner_mitie", "start": 28, "value": "floor"}, {"end": 47, "entity": "Amenity", "extractor": "ner_mitie", "processors": ["ner_synonyms"], "start": 39, "value": "Amenity"}], "intent": {"confidence": 0.4102150916154266, "name": "getInventory"}, "text": "Is your place on the ground floor with bathroom"}}
{"model": "default", "time": "2017-07-09T11:17:51.482023", "user_input": {"entities": [{"end": 4, "entity": "Amenity", "extractor": "ner_mitie", "start": 0, "value": "Dear"}, {"end": 24, "entity": "Amenity", "extractor": "ner_mitie", "start": 18, "value": "family"}], "intent": {"confidence": 0.5992140805507343, "name": "getInventory"}, "text": "Dear Sir we are a family of 6 people from Chennai"}}
{"model": "default", "time": "2017-07-09T11:18:16.571473", "user_input": {"entities": [{"end": 17, "entity": "Amenity", "extractor": "ner_mitie", "processors": ["ner_synonyms"], "start": 10, "value": "PropertyType"}, {"end": 32, "entity": "HouseRule", "extractor": "ner_mitie", "start": 27, "value": "rooms"}, {"end": 45, "entity": "Amenity", "extractor": "ner_mitie", "start": 43, "value": "or"}], "intent": {"confidence": 0.6023803208693971, "name": "getInventory"}, "text": "Is this a cottage with all rooms connected or is this like a lodge"}}
{"model": "default", "time": "2017-07-09T11:18:42.866687", "user_input": {"entities": [{"end": 36, "entity": "Amenity", "extractor": "ner_mitie", "start": 32, "value": "Road"}], "intent": {"confidence": 0.6162842336601088, "name": "getLocation"}, "text": "What is the distatnce from Mall Road"}}
{"model": "default", "time": "2017-07-09T11:19:16.670488", "user_input": {"entities": [], "intent": {"confidence": 0.32914086450382884, "name": "getInventory"}, "text": "how much its far from Lokmanya-Tilak-Term-LTT"}}
{"model": "default", "time": "2017-07-09T11:19:35.589819", "user_input": {"entities": [], "intent": {"confidence": 1.6542990931569057, "name": "getHouseRule"}, "text": "pet be allowed"}}
{"model": "default", "time": "2017-07-09T11:20:04.281886", "user_input": {"entities": [{"end": 20, "entity": "Amenity", "extractor": "ner_mitie", "processors": ["ner_synonyms"], "start": 13, "value": "Amenity"}, {"end": 41, "entity": "HouseRule", "extractor": "ner_mitie", "start": 36, "value": "music"}, {"end": 50, "entity": "Amenity", "extractor": "ner_mitie", "start": 45, "value": "night"}], "intent": {"confidence": 0.981502249612493, "name": "getInventory"}, "text": "Do u arrange bonfire or any kind of music at night on request"}}
{"model": "default", "time": "2017-07-09T11:20:14.366460", "user_input": {"entities": [], "intent": {"confidence": 0.0, "name": ""}, "text": ""}}
{"model": "default", "time": "2017-07-09T11:23:44.886039", "user_input": {"entities": [], "intent": {"confidence": 0.5223294422692472, "name": "GetWeather"}, "text": "how far is it from tadiyandmol mountain"}}
{"model": "default", "time": "2017-07-09T11:24:07.697736", "user_input": {"entities": [], "intent": {"confidence": 0.39514827130142455, "name": "getLocation"}, "text": "how far is it form the railway station?"}}
{"model": "default", "time": "2017-07-09T11:24:46.742200", "user_input": {"entities": [{"end": 34, "entity": "Amenity", "extractor": "ner_mitie", "start": 30, "value": "stay"}], "intent": {"confidence": 0.6034211270708573, "name": "getInventory"}, "text": "can we get a 2 and a half day stay"}}
{"model": "default", "time": "2017-07-09T11:25:05.180293", "user_input": {"entities": [{"end": 16, "entity": "Amenity", "extractor": "ner_mitie", "start": 13, "value": "car"}], "intent": {"confidence": 0.5958635787950867, "name": "getInventory"}, "text": "can i hire a car for 4 people there"}}
{"model": "default", "time": "2017-07-09T11:25:23.903416", "user_input": {"entities": [{"end": 47, "entity": "Amenity", "extractor": "ner_mitie", "start": 41, "value": "petrol"}], "intent": {"confidence": 0.7685758414430407, "name": "getInventory"}, "text": "if yes how much would it cost ( driver   petrol) per day"}}
{"model": "default", "time": "2017-07-09T11:25:36.326738", "user_input": {"entities": [], "intent": {"confidence": 0.8443060943443571, "name": "getInfo"}, "text": "thank you"}}
{"model": "default", "time": "2017-07-09T11:26:52.226257", "user_input": {"entities": [{"end": 28, "entity": "HouseRule", "extractor": "ner_mitie", "start": 24, "value": "your"}], "intent": {"confidence": 0.4135201871503373, "name": "getInventory"}, "text": "Please call sir or send your phonenumber"}}
{"model": "default", "time": "2017-07-09T11:49:35.744553", "user_input": {"entities": [{"end": 8, "entity": "HouseRule", "extractor": "ner_mitie", "start": 4, "value": "pets"}], "intent": {"confidence": 1.7318839670548847, "name": "getHouseRule"}, "text": "Are pets allowed?"}}
{"model": "default", "time": "2017-07-09T11:49:51.016134", "user_input": {"entities": [{"end": 8, "entity": "HouseRule", "extractor": "ner_mitie", "start": 4, "value": "pets"}], "intent": {"confidence": 1.7318839670548847, "name": "getHouseRule"}, "text": "Are pets allowed?"}}
{"model": "default", "time": "2017-07-09T11:51:28.495500", "user_input": {"entities": [{"end": 6, "entity": "Amenity", "extractor": "ner_mitie", "start": 0, "value": "output"}], "intent": {"confidence": 0.802990622281559, "name": "getInventory"}, "text": "output"}}
{"model": "default", "time": "2017-07-09T11:51:55.219177", "user_input": {"entities": [{"end": 77, "entity": "Amenity", "extractor": "ner_mitie", "start": 73, "value": "stay"}, {"end": 78, "entity": "Amenity", "extractor": "ner_mitie", "start": 77, "value": ","}, {"end": 97, "entity": "Amenity", "extractor": "ner_mitie", "start": 94, "value": "car"}, {"end": 117, "entity": "HouseRule", "extractor": "ner_mitie", "start": 116, "value": ","}, {"end": 166, "entity": "Amenity", "extractor": "ner_mitie", "start": 160, "value": "petrol"}], "intent": {"confidence": 0.946647053065663, "name": "getInventory"}, "text": "how far is it from tadiyandmol mountain,   can we get a 2 and a half day stay,   can i hire a car for 4 people there,  if yes how much would it cost ( driver   petrol) per day, thank you"}}
{"model": "default", "time": "2017-07-09T11:52:36.219256", "user_input": {"entities": [], "intent": {"confidence": 0.5223294422692472, "name": "GetWeather"}, "text": "how far is it from tadiyandmol mountain"}}
{"model": "default", "time": "2017-07-09T11:52:46.016857", "user_input": {"entities": [{"end": 37, "entity": "Amenity", "extractor": "ner_mitie", "start": 33, "value": "stay"}], "intent": {"confidence": 0.6034211270708573, "name": "getInventory"}, "text": "   can we get a 2 and a half day stay"}}
{"model": "default", "time": "2017-07-09T11:57:27.467292", "user_input": {"entities": [], "intent": {"confidence": 0.5487653666443839, "name": "getAmenities"}, "text": "undefined"}}
{"model": "default", "time": "2017-07-09T11:58:16.489672", "user_input": {"entities": [], "intent": {"confidence": 0.5223294422692472, "name": "GetWeather"}, "text": "how far is it from tadiyandmol mountain"}}
{"model": "default", "time": "2017-07-09T11:58:16.491235", "user_input": {"entities": [], "intent": {"confidence": 0.8443060943443571, "name": "getInfo"}, "text": " thank you"}}
{"model": "default", "time": "2017-07-09T11:58:16.493437", "user_input": {"entities": [{"end": 49, "entity": "Amenity", "extractor": "ner_mitie", "start": 43, "value": "petrol"}], "intent": {"confidence": 0.7685758414430407, "name": "getInventory"}, "text": "  if yes how much would it cost ( driver   petrol) per day"}}
{"model": "default", "time": "2017-07-09T11:58:16.495557", "user_input": {"entities": [{"end": 19, "entity": "Amenity", "extractor": "ner_mitie", "start": 16, "value": "car"}], "intent": {"confidence": 0.5958635787950867, "name": "getInventory"}, "text": "   can i hire a car for 4 people there"}}
{"model": "default", "time": "2017-07-09T11:58:16.497707", "user_input": {"entities": [{"end": 37, "entity": "Amenity", "extractor": "ner_mitie", "start": 33, "value": "stay"}], "intent": {"confidence": 0.6034211270708573, "name": "getInventory"}, "text": "   can we get a 2 and a half day stay"}}
{"model": "default", "time": "2017-07-09T12:00:22.738603", "user_input": {"entities": [{"end": 5, "entity": "Amenity", "extractor": "ner_mitie", "start": 0, "value": "Hello"}], "intent": {"confidence": 1.341683361562974, "name": "Greeting"}, "text": "Hello"}}
{"model": "default", "time": "2017-07-09T12:00:22.739817", "user_input": {"entities": [], "intent": {"confidence": 0.0, "name": ""}, "text": ""}}
{"model": "default", "time": "2017-07-09T12:00:22.741089", "user_input": {"entities": [{"end": 6, "entity": "Amenity", "extractor": "ner_mitie", "start": 0, "value": "Thanks"}], "intent": {"confidence": 0.8459144232028185, "name": "Greeting"}, "text": "Thanks"}}
{"model": "default", "time": "2017-07-09T12:00:22.743145", "user_input": {"entities": [{"end": 55, "entity": "Amenity", "extractor": "ner_mitie", "start": 47, "value": "checkout"}, {"end": 66, "entity": "Amenity", "extractor": "ner_mitie", "start": 59, "value": "morning"}], "intent": {"confidence": 0.6439569682706641, "name": "GetWeather"}, "text": " We will check in on 27 April, around 6 PM and checkout on morning of 29 April"}}
{"model": "default", "time": "2017-07-09T12:00:22.745277", "user_input": {"entities": [{"end": 13, "entity": "Amenity", "extractor": "ner_mitie", "start": 8, "value": "three"}, {"end": 54, "entity": "Amenity", "extractor": "ner_mitie", "start": 47, "value": "Gangtok"}], "intent": {"confidence": 0.6682300876019162, "name": "getInventory"}, "text": " We are three family members and plan to visit Gangtok from 27 to 29 April"}}
{"model": "default", "time": "2017-07-09T12:02:07.251369", "user_input": {"entities": [{"end": 69, "entity": "Amenity", "extractor": "ner_mitie", "start": 63, "value": "7years"}], "intent": {"confidence": 1.5916881461322296, "name": "getInventory"}, "text": "Please let me know the availability for 2 adults  and 1 child (7years)"}}
{"model": "default", "time": "2017-07-09T12:02:07.252368", "user_input": {"entities": [], "intent": {"confidence": 0.0, "name": ""}, "text": ""}}
{"model": "default", "time": "2017-07-09T12:05:15.799787", "user_input": {"entities": [{"end": 69, "entity": "Amenity", "extractor": "ner_mitie", "start": 63, "value": "7years"}], "intent": {"confidence": 1.5916881461322296, "name": "getInventory"}, "text": "Please let me know the availability for 2 adults  and 1 child (7years)"}}
{"model": "default", "time": "2017-07-09T12:05:15.801112", "user_input": {"entities": [], "intent": {"confidence": 0.0, "name": ""}, "text": ""}}
{"model": "default", "time": "2017-07-09T12:05:35.227175", "user_input": {"entities": [{"end": 69, "entity": "Amenity", "extractor": "ner_mitie", "start": 63, "value": "7years"}], "intent": {"confidence": 1.5916881461322296, "name": "getInventory"}, "text": "Please let me know the availability for 2 adults  and 1 child (7years)"}}
{"model": "default", "time": "2017-07-09T12:05:35.228512", "user_input": {"entities": [], "intent": {"confidence": 0.0, "name": ""}, "text": ""}}
{"model": "default", "time": "2017-07-09T12:06:40.564092", "user_input": {"entities": [{"end": 8, "entity": "HouseRule", "extractor": "ner_mitie", "start": 4, "value": "pets"}], "intent": {"confidence": 1.9869176068298338, "name": "getHouseRule"}, "text": "Are pets allowed"}}
{"model": "default", "time": "2017-07-09T12:06:40.565263", "user_input": {"entities": [], "intent": {"confidence": 0.0, "name": ""}, "text": ""}}
{"model": "default", "time": "2017-07-09T12:06:40.566710", "user_input": {"entities": [{"end": 11, "entity": "Amenity", "extractor": "ner_mitie", "processors": ["ner_synonyms"], "start": 4, "value": "Amenity"}], "intent": {"confidence": 1.535039487267719, "name": "getAmenities"}, "text": " Is parking available"}}
{"model": "default", "time": "2017-07-09T12:06:40.568615", "user_input": {"entities": [{"end": 18, "entity": "Amenity", "extractor": "ner_mitie", "start": 13, "value": "rooms"}], "intent": {"confidence": 0.9329719403798339, "name": "getInventory"}, "text": " Do you have rooms available"}}
{"model": "default", "time": "2017-07-09T12:08:17.596458", "user_input": {"entities": [{"end": 8, "entity": "HouseRule", "extractor": "ner_mitie", "start": 4, "value": "pets"}], "intent": {"confidence": 1.9869176068298338, "name": "getHouseRule"}, "text": "Are pets allowed"}}
{"model": "default", "time": "2017-07-09T12:08:17.597576", "user_input": {"entities": [], "intent": {"confidence": 0.0, "name": ""}, "text": ""}}
{"model": "default", "time": "2017-07-09T12:08:17.599019", "user_input": {"entities": [{"end": 11, "entity": "Amenity", "extractor": "ner_mitie", "processors": ["ner_synonyms"], "start": 4, "value": "Amenity"}], "intent": {"confidence": 1.535039487267719, "name": "getAmenities"}, "text": " Is parking available"}}
{"model": "default", "time": "2017-07-09T12:08:17.600471", "user_input": {"entities": [{"end": 18, "entity": "Amenity", "extractor": "ner_mitie", "start": 13, "value": "rooms"}], "intent": {"confidence": 0.9329719403798339, "name": "getInventory"}, "text": " Do you have rooms available"}}
{"model": "default", "time": "2017-07-09T12:09:04.743911", "user_input": {"entities": [{"end": 10, "entity": "Amenity", "extractor": "ner_mitie", "processors": ["ner_synonyms"], "start": 3, "value": "Amenity"}], "intent": {"confidence": 1.282455151605857, "name": "getAmenities"}, "text": "is parking available?"}}
{"model": "default", "time": "2017-07-09T12:09:24.869394", "user_input": {"entities": [{"end": 17, "entity": "Amenity", "extractor": "ner_mitie", "start": 12, "value": "rooms"}], "intent": {"confidence": 0.9840399881124738, "name": "getInventory"}, "text": "Do you have rooms available?"}}
{"model": "default", "time": "2017-07-09T12:10:17.762865", "user_input": {"entities": [{"end": 8, "entity": "HouseRule", "extractor": "ner_mitie", "start": 4, "value": "pets"}], "intent": {"confidence": 1.9869176068298338, "name": "getHouseRule"}, "text": "Are pets allowed"}}
{"model": "default", "time": "2017-07-09T12:10:17.763889", "user_input": {"entities": [], "intent": {"confidence": 0.0, "name": ""}, "text": ""}}
{"model": "default", "time": "2017-07-09T12:10:17.765132", "user_input": {"entities": [{"end": 11, "entity": "Amenity", "extractor": "ner_mitie", "processors": ["ner_synonyms"], "start": 4, "value": "Amenity"}], "intent": {"confidence": 1.535039487267719, "name": "getAmenities"}, "text": " Is parking available"}}
{"model": "default", "time": "2017-07-09T12:10:17.767008", "user_input": {"entities": [{"end": 18, "entity": "Amenity", "extractor": "ner_mitie", "start": 13, "value": "rooms"}], "intent": {"confidence": 0.9329719403798339, "name": "getInventory"}, "text": " Do you have rooms available"}}
{"model": "default", "time": "2017-07-09T12:10:29.105165", "user_input": {"entities": [{"end": 8, "entity": "HouseRule", "extractor": "ner_mitie", "start": 4, "value": "pets"}], "intent": {"confidence": 1.9869176068298338, "name": "getHouseRule"}, "text": "Are pets allowed"}}
{"model": "default", "time": "2017-07-09T12:10:29.106349", "user_input": {"entities": [], "intent": {"confidence": 0.0, "name": ""}, "text": ""}}
{"model": "default", "time": "2017-07-09T12:10:29.107611", "user_input": {"entities": [{"end": 11, "entity": "Amenity", "extractor": "ner_mitie", "processors": ["ner_synonyms"], "start": 4, "value": "Amenity"}], "intent": {"confidence": 1.535039487267719, "name": "getAmenities"}, "text": " Is parking available"}}
{"model": "default", "time": "2017-07-09T12:10:29.109375", "user_input": {"entities": [{"end": 18, "entity": "Amenity", "extractor": "ner_mitie", "start": 13, "value": "rooms"}], "intent": {"confidence": 0.9329719403798339, "name": "getInventory"}, "text": " Do you have rooms available"}}
{"model": "default", "time": "2017-07-09T12:11:05.082507", "user_input": {"entities": [{"end": 8, "entity": "HouseRule", "extractor": "ner_mitie", "start": 4, "value": "pets"}], "intent": {"confidence": 1.9869176068298338, "name": "getHouseRule"}, "text": "Are pets allowed"}}
{"model": "default", "time": "2017-07-09T12:11:05.083836", "user_input": {"entities": [], "intent": {"confidence": 0.0, "name": ""}, "text": ""}}
{"model": "default", "time": "2017-07-09T12:11:05.085050", "user_input": {"entities": [{"end": 11, "entity": "Amenity", "extractor": "ner_mitie", "processors": ["ner_synonyms"], "start": 4, "value": "Amenity"}], "intent": {"confidence": 1.535039487267719, "name": "getAmenities"}, "text": " Is parking available"}}
{"model": "default", "time": "2017-07-09T12:11:05.086414", "user_input": {"entities": [{"end": 18, "entity": "Amenity", "extractor": "ner_mitie", "start": 13, "value": "rooms"}], "intent": {"confidence": 0.9329719403798339, "name": "getInventory"}, "text": " Do you have rooms available"}}
{"model": "default", "time": "2017-07-09T12:11:36.023139", "user_input": {"entities": [{"end": 17, "entity": "Amenity", "extractor": "ner_mitie", "start": 12, "value": "rooms"}], "intent": {"confidence": 0.9329719403798339, "name": "getInventory"}, "text": "Do you have rooms available"}}
{"model": "default", "time": "2017-07-09T12:11:40.985069", "user_input": {"entities": [{"end": 17, "entity": "Amenity", "extractor": "ner_mitie", "start": 12, "value": "rooms"}], "intent": {"confidence": 0.9840399881124738, "name": "getInventory"}, "text": "Do you have rooms available?"}}
{"model": "default", "time": "2017-07-09T12:11:44.668786", "user_input": {"entities": [{"end": 17, "entity": "Amenity", "extractor": "ner_mitie", "start": 12, "value": "rooms"}], "intent": {"confidence": 0.9329719403798339, "name": "getInventory"}, "text": "Do you have rooms available"}}
{"model": "default", "time": "2017-07-09T12:12:03.085186", "user_input": {"entities": [{"end": 10, "entity": "Amenity", "extractor": "ner_mitie", "processors": ["ner_synonyms"], "start": 3, "value": "Amenity"}], "intent": {"confidence": 1.493203056283089, "name": "getAmenities"}, "text": "is parking available"}}
{"model": "default", "time": "2017-07-09T12:12:58.241335", "user_input": {"entities": [{"end": 8, "entity": "HouseRule", "extractor": "ner_mitie", "start": 4, "value": "pets"}], "intent": {"confidence": 1.9869176068298338, "name": "getHouseRule"}, "text": "Are pets allowed"}}
{"model": "default", "time": "2017-07-09T12:12:58.242629", "user_input": {"entities": [], "intent": {"confidence": 0.0, "name": ""}, "text": ""}}
{"model": "default", "time": "2017-07-09T12:12:58.244441", "user_input": {"entities": [{"end": 11, "entity": "Amenity", "extractor": "ner_mitie", "processors": ["ner_synonyms"], "start": 4, "value": "Amenity"}], "intent": {"confidence": 1.535039487267719, "name": "getAmenities"}, "text": " Is parking available"}}
{"model": "default", "time": "2017-07-09T12:12:58.246411", "user_input": {"entities": [{"end": 18, "entity": "Amenity", "extractor": "ner_mitie", "start": 13, "value": "rooms"}], "intent": {"confidence": 0.9329719403798339, "name": "getInventory"}, "text": " Do you have rooms available"}}
{"model": "default", "time": "2017-07-09T12:14:04.436702", "user_input": {"entities": [{"end": 8, "entity": "HouseRule", "extractor": "ner_mitie", "start": 4, "value": "pets"}], "intent": {"confidence": 1.9869176068298338, "name": "getHouseRule"}, "text": "Are pets allowed"}}
{"model": "default", "time": "2017-07-09T12:14:04.437807", "user_input": {"entities": [], "intent": {"confidence": 0.0, "name": ""}, "text": ""}}
{"model": "default", "time": "2017-07-09T12:14:04.439147", "user_input": {"entities": [{"end": 11, "entity": "Amenity", "extractor": "ner_mitie", "processors": ["ner_synonyms"], "start": 4, "value": "Amenity"}], "intent": {"confidence": 1.535039487267719, "name": "getAmenities"}, "text": " Is parking available"}}
{"model": "default", "time": "2017-07-09T12:14:04.440656", "user_input": {"entities": [{"end": 18, "entity": "Amenity", "extractor": "ner_mitie", "start": 13, "value": "rooms"}], "intent": {"confidence": 0.9329719403798339, "name": "getInventory"}, "text": " Do you have rooms available"}}
{"model": "default", "time": "2017-07-09T12:40:29.696394", "user_input": {"entities": [{"end": 8, "entity": "HouseRule", "extractor": "ner_mitie", "start": 4, "value": "pets"}], "intent": {"confidence": 1.9869176068298338, "name": "getHouseRule"}, "text": "Are pets allowed"}}
{"model": "default", "time": "2017-07-09T12:40:29.697618", "user_input": {"entities": [], "intent": {"confidence": 0.0, "name": ""}, "text": ""}}
{"model": "default", "time": "2017-07-09T12:40:29.699205", "user_input": {"entities": [{"end": 11, "entity": "Amenity", "extractor": "ner_mitie", "processors": ["ner_synonyms"], "start": 4, "value": "Amenity"}], "intent": {"confidence": 1.535039487267719, "name": "getAmenities"}, "text": " Is parking available"}}
{"model": "default", "time": "2017-07-09T12:40:29.700916", "user_input": {"entities": [{"end": 18, "entity": "Amenity", "extractor": "ner_mitie", "start": 13, "value": "rooms"}], "intent": {"confidence": 0.9329719403798339, "name": "getInventory"}, "text": " Do you have rooms available"}}
{"model": "default", "time": "2017-07-09T12:43:24.405607", "user_input": {"entities": [{"end": 8, "entity": "HouseRule", "extractor": "ner_mitie", "start": 4, "value": "pets"}], "intent": {"confidence": 1.9869176068298338, "name": "getHouseRule"}, "text": "Are pets allowed"}}
{"model": "default", "time": "2017-07-09T12:43:24.407255", "user_input": {"entities": [], "intent": {"confidence": 0.0, "name": ""}, "text": ""}}
{"model": "default", "time": "2017-07-09T12:43:24.409466", "user_input": {"entities": [{"end": 11, "entity": "Amenity", "extractor": "ner_mitie", "processors": ["ner_synonyms"], "start": 4, "value": "Amenity"}], "intent": {"confidence": 1.535039487267719, "name": "getAmenities"}, "text": " Is parking available"}}
{"model": "default", "time": "2017-07-09T12:43:24.411627", "user_input": {"entities": [{"end": 18, "entity": "Amenity", "extractor": "ner_mitie", "start": 13, "value": "rooms"}], "intent": {"confidence": 0.9329719403798339, "name": "getInventory"}, "text": " Do you have rooms available"}}
{"model": "default", "time": "2017-07-09T12:45:17.064883", "user_input": {"entities": [{"end": 8, "entity": "HouseRule", "extractor": "ner_mitie", "start": 4, "value": "pets"}], "intent": {"confidence": 1.9869176068298338, "name": "getHouseRule"}, "text": "Are pets allowed"}}
{"model": "default", "time": "2017-07-09T12:45:17.066061", "user_input": {"entities": [], "intent": {"confidence": 0.0, "name": ""}, "text": ""}}
{"model": "default", "time": "2017-07-09T12:45:17.067870", "user_input": {"entities": [{"end": 11, "entity": "Amenity", "extractor": "ner_mitie", "processors": ["ner_synonyms"], "start": 4, "value": "Amenity"}], "intent": {"confidence": 1.535039487267719, "name": "getAmenities"}, "text": " Is parking available"}}
{"model": "default", "time": "2017-07-09T12:45:17.069790", "user_input": {"entities": [{"end": 18, "entity": "Amenity", "extractor": "ner_mitie", "start": 13, "value": "rooms"}], "intent": {"confidence": 0.9329719403798339, "name": "getInventory"}, "text": " Do you have rooms available"}}
{"model": "default", "time": "2017-07-09T12:45:38.029329", "user_input": {"entities": [{"end": 8, "entity": "HouseRule", "extractor": "ner_mitie", "start": 4, "value": "pets"}], "intent": {"confidence": 1.9869176068298338, "name": "getHouseRule"}, "text": "Are pets allowed"}}
{"model": "default", "time": "2017-07-09T12:45:38.030801", "user_input": {"entities": [], "intent": {"confidence": 0.0, "name": ""}, "text": ""}}
{"model": "default", "time": "2017-07-09T12:45:38.032578", "user_input": {"entities": [{"end": 11, "entity": "Amenity", "extractor": "ner_mitie", "processors": ["ner_synonyms"], "start": 4, "value": "Amenity"}], "intent": {"confidence": 1.535039487267719, "name": "getAmenities"}, "text": " Is parking available"}}
{"model": "default", "time": "2017-07-09T12:45:38.034373", "user_input": {"entities": [{"end": 18, "entity": "Amenity", "extractor": "ner_mitie", "start": 13, "value": "rooms"}], "intent": {"confidence": 0.9329719403798339, "name": "getInventory"}, "text": " Do you have rooms available"}}
{"model": "default", "time": "2017-07-09T12:48:54.974099", "user_input": {"entities": [{"end": 8, "entity": "HouseRule", "extractor": "ner_mitie", "start": 4, "value": "pets"}], "intent": {"confidence": 1.9869176068298338, "name": "getHouseRule"}, "text": "Are pets allowed"}}
{"model": "default", "time": "2017-07-09T12:48:54.975485", "user_input": {"entities": [], "intent": {"confidence": 0.0, "name": ""}, "text": ""}}
{"model": "default", "time": "2017-07-09T12:48:54.977148", "user_input": {"entities": [{"end": 11, "entity": "Amenity", "extractor": "ner_mitie", "processors": ["ner_synonyms"], "start": 4, "value": "Amenity"}], "intent": {"confidence": 1.535039487267719, "name": "getAmenities"}, "text": " Is parking available"}}
{"model": "default", "time": "2017-07-09T12:48:54.979016", "user_input": {"entities": [{"end": 18, "entity": "Amenity", "extractor": "ner_mitie", "start": 13, "value": "rooms"}], "intent": {"confidence": 0.9329719403798339, "name": "getInventory"}, "text": " Do you have rooms available"}}
{"model": "default", "time": "2017-07-09T12:49:03.281834", "user_input": {"entities": [{"end": 8, "entity": "HouseRule", "extractor": "ner_mitie", "start": 4, "value": "pets"}], "intent": {"confidence": 1.9869176068298338, "name": "getHouseRule"}, "text": "Are pets allowed"}}
{"model": "default", "time": "2017-07-09T12:49:03.282969", "user_input": {"entities": [], "intent": {"confidence": 0.0, "name": ""}, "text": ""}}
{"model": "default", "time": "2017-07-09T12:49:03.284258", "user_input": {"entities": [{"end": 11, "entity": "Amenity", "extractor": "ner_mitie", "processors": ["ner_synonyms"], "start": 4, "value": "Amenity"}], "intent": {"confidence": 1.535039487267719, "name": "getAmenities"}, "text": " Is parking available"}}
{"model": "default", "time": "2017-07-09T12:49:03.285722", "user_input": {"entities": [{"end": 18, "entity": "Amenity", "extractor": "ner_mitie", "start": 13, "value": "rooms"}], "intent": {"confidence": 0.9329719403798339, "name": "getInventory"}, "text": " Do you have rooms available"}}
{"model": "default", "time": "2017-07-09T12:49:17.791587", "user_input": {"entities": [{"end": 8, "entity": "HouseRule", "extractor": "ner_mitie", "start": 4, "value": "pets"}], "intent": {"confidence": 1.9869176068298338, "name": "getHouseRule"}, "text": "Are pets allowed"}}
{"model": "default", "time": "2017-07-09T12:49:17.792629", "user_input": {"entities": [], "intent": {"confidence": 0.0, "name": ""}, "text": ""}}
{"model": "default", "time": "2017-07-09T12:49:17.793975", "user_input": {"entities": [{"end": 11, "entity": "Amenity", "extractor": "ner_mitie", "processors": ["ner_synonyms"], "start": 4, "value": "Amenity"}], "intent": {"confidence": 1.535039487267719, "name": "getAmenities"}, "text": " Is parking available"}}
{"model": "default", "time": "2017-07-09T12:49:17.795433", "user_input": {"entities": [{"end": 18, "entity": "Amenity", "extractor": "ner_mitie", "start": 13, "value": "rooms"}], "intent": {"confidence": 0.9329719403798339, "name": "getInventory"}, "text": " Do you have rooms available"}}
{"model": "default", "time": "2017-07-09T12:49:29.874701", "user_input": {"entities": [{"end": 8, "entity": "HouseRule", "extractor": "ner_mitie", "start": 4, "value": "pets"}], "intent": {"confidence": 1.9869176068298338, "name": "getHouseRule"}, "text": "Are pets allowed"}}
{"model": "default", "time": "2017-07-09T12:49:29.876072", "user_input": {"entities": [], "intent": {"confidence": 0.0, "name": ""}, "text": ""}}
{"model": "default", "time": "2017-07-09T12:49:29.877599", "user_input": {"entities": [{"end": 11, "entity": "Amenity", "extractor": "ner_mitie", "processors": ["ner_synonyms"], "start": 4, "value": "Amenity"}], "intent": {"confidence": 1.535039487267719, "name": "getAmenities"}, "text": " Is parking available"}}
{"model": "default", "time": "2017-07-09T12:49:29.879203", "user_input": {"entities": [{"end": 18, "entity": "Amenity", "extractor": "ner_mitie", "start": 13, "value": "rooms"}], "intent": {"confidence": 0.9329719403798339, "name": "getInventory"}, "text": " Do you have rooms available"}}
{"model": "default", "time": "2017-07-09T12:49:40.691105", "user_input": {"entities": [{"end": 8, "entity": "HouseRule", "extractor": "ner_mitie", "start": 4, "value": "pets"}], "intent": {"confidence": 1.9869176068298338, "name": "getHouseRule"}, "text": "Are pets allowed"}}
{"model": "default", "time": "2017-07-09T12:49:40.692455", "user_input": {"entities": [], "intent": {"confidence": 0.0, "name": ""}, "text": ""}}
{"model": "default", "time": "2017-07-09T12:49:40.693911", "user_input": {"entities": [{"end": 11, "entity": "Amenity", "extractor": "ner_mitie", "processors": ["ner_synonyms"], "start": 4, "value": "Amenity"}], "intent": {"confidence": 1.535039487267719, "name": "getAmenities"}, "text": " Is parking available"}}
{"model": "default", "time": "2017-07-09T12:49:40.695600", "user_input": {"entities": [{"end": 18, "entity": "Amenity", "extractor": "ner_mitie", "start": 13, "value": "rooms"}], "intent": {"confidence": 0.9329719403798339, "name": "getInventory"}, "text": " Do you have rooms available"}}
{"model": "default", "time": "2017-07-09T12:49:55.212741", "user_input": {"entities": [{"end": 8, "entity": "HouseRule", "extractor": "ner_mitie", "start": 4, "value": "pets"}], "intent": {"confidence": 1.9869176068298338, "name": "getHouseRule"}, "text": "Are pets allowed"}}
{"model": "default", "time": "2017-07-09T12:49:55.214310", "user_input": {"entities": [], "intent": {"confidence": 0.0, "name": ""}, "text": ""}}
{"model": "default", "time": "2017-07-09T12:49:55.216180", "user_input": {"entities": [{"end": 11, "entity": "Amenity", "extractor": "ner_mitie", "processors": ["ner_synonyms"], "start": 4, "value": "Amenity"}], "intent": {"confidence": 1.535039487267719, "name": "getAmenities"}, "text": " Is parking available"}}
{"model": "default", "time": "2017-07-09T12:49:55.218340", "user_input": {"entities": [{"end": 18, "entity": "Amenity", "extractor": "ner_mitie", "start": 13, "value": "rooms"}], "intent": {"confidence": 0.9329719403798339, "name": "getInventory"}, "text": " Do you have rooms available"}}
{"model": "default", "time": "2017-07-09T12:50:02.961253", "user_input": {"entities": [{"end": 8, "entity": "HouseRule", "extractor": "ner_mitie", "start": 4, "value": "pets"}], "intent": {"confidence": 1.9869176068298338, "name": "getHouseRule"}, "text": "Are pets allowed"}}
{"model": "default", "time": "2017-07-09T12:50:02.962449", "user_input": {"entities": [], "intent": {"confidence": 0.0, "name": ""}, "text": ""}}
{"model": "default", "time": "2017-07-09T12:50:02.964418", "user_input": {"entities": [{"end": 11, "entity": "Amenity", "extractor": "ner_mitie", "processors": ["ner_synonyms"], "start": 4, "value": "Amenity"}], "intent": {"confidence": 1.535039487267719, "name": "getAmenities"}, "text": " Is parking available"}}
{"model": "default", "time": "2017-07-09T12:50:02.967038", "user_input": {"entities": [{"end": 18, "entity": "Amenity", "extractor": "ner_mitie", "start": 13, "value": "rooms"}], "intent": {"confidence": 0.9329719403798339, "name": "getInventory"}, "text": " Do you have rooms available"}}
{"model": "default", "time": "2017-07-09T12:50:20.040102", "user_input": {"entities": [{"end": 8, "entity": "HouseRule", "extractor": "ner_mitie", "start": 4, "value": "pets"}], "intent": {"confidence": 1.9869176068298338, "name": "getHouseRule"}, "text": "Are pets allowed"}}
{"model": "default", "time": "2017-07-09T12:50:20.041093", "user_input": {"entities": [], "intent": {"confidence": 0.0, "name": ""}, "text": ""}}
{"model": "default", "time": "2017-07-09T12:50:20.042282", "user_input": {"entities": [{"end": 11, "entity": "Amenity", "extractor": "ner_mitie", "processors": ["ner_synonyms"], "start": 4, "value": "Amenity"}], "intent": {"confidence": 1.535039487267719, "name": "getAmenities"}, "text": " Is parking available"}}
{"model": "default", "time": "2017-07-09T12:50:20.044348", "user_input": {"entities": [{"end": 18, "entity": "Amenity", "extractor": "ner_mitie", "start": 13, "value": "rooms"}], "intent": {"confidence": 0.9329719403798339, "name": "getInventory"}, "text": " Do you have rooms available"}}
{"model": "default", "time": "2017-07-09T12:50:55.650310", "user_input": {"entities": [{"end": 8, "entity": "HouseRule", "extractor": "ner_mitie", "start": 4, "value": "pets"}], "intent": {"confidence": 1.9869176068298338, "name": "getHouseRule"}, "text": "Are pets allowed"}}
{"model": "default", "time": "2017-07-09T12:50:55.651604", "user_input": {"entities": [], "intent": {"confidence": 0.0, "name": ""}, "text": ""}}
{"model": "default", "time": "2017-07-09T12:50:55.653463", "user_input": {"entities": [{"end": 11, "entity": "Amenity", "extractor": "ner_mitie", "processors": ["ner_synonyms"], "start": 4, "value": "Amenity"}], "intent": {"confidence": 1.535039487267719, "name": "getAmenities"}, "text": " Is parking available"}}
{"model": "default", "time": "2017-07-09T12:50:55.656530", "user_input": {"entities": [{"end": 18, "entity": "Amenity", "extractor": "ner_mitie", "start": 13, "value": "rooms"}], "intent": {"confidence": 0.9329719403798339, "name": "getInventory"}, "text": " Do you have rooms available"}}
{"model": "default", "time": "2017-07-09T12:51:09.890655", "user_input": {"entities": [{"end": 8, "entity": "HouseRule", "extractor": "ner_mitie", "start": 4, "value": "pets"}], "intent": {"confidence": 1.9869176068298338, "name": "getHouseRule"}, "text": "Are pets allowed"}}
{"model": "default", "time": "2017-07-09T12:51:09.892346", "user_input": {"entities": [], "intent": {"confidence": 0.0, "name": ""}, "text": ""}}
{"model": "default", "time": "2017-07-09T12:51:09.894158", "user_input": {"entities": [{"end": 11, "entity": "Amenity", "extractor": "ner_mitie", "processors": ["ner_synonyms"], "start": 4, "value": "Amenity"}], "intent": {"confidence": 1.535039487267719, "name": "getAmenities"}, "text": " Is parking available"}}
{"model": "default", "time": "2017-07-09T12:51:09.896280", "user_input": {"entities": [{"end": 18, "entity": "Amenity", "extractor": "ner_mitie", "start": 13, "value": "rooms"}], "intent": {"confidence": 0.9329719403798339, "name": "getInventory"}, "text": " Do you have rooms available"}}
{"model": "default", "time": "2017-07-09T12:51:35.341146", "user_input": {"entities": [{"end": 8, "entity": "HouseRule", "extractor": "ner_mitie", "start": 4, "value": "pets"}], "intent": {"confidence": 1.9869176068298338, "name": "getHouseRule"}, "text": "Are pets allowed"}}
{"model": "default", "time": "2017-07-09T12:51:35.342591", "user_input": {"entities": [], "intent": {"confidence": 0.0, "name": ""}, "text": ""}}
{"model": "default", "time": "2017-07-09T12:51:35.344553", "user_input": {"entities": [{"end": 11, "entity": "Amenity", "extractor": "ner_mitie", "processors": ["ner_synonyms"], "start": 4, "value": "Amenity"}], "intent": {"confidence": 1.535039487267719, "name": "getAmenities"}, "text": " Is parking available"}}
{"model": "default", "time": "2017-07-09T12:51:35.347842", "user_input": {"entities": [{"end": 18, "entity": "Amenity", "extractor": "ner_mitie", "start": 13, "value": "rooms"}], "intent": {"confidence": 0.9329719403798339, "name": "getInventory"}, "text": " Do you have rooms available"}}
{"model": "default", "time": "2017-07-09T12:53:56.507955", "user_input": {"entities": [{"end": 8, "entity": "HouseRule", "extractor": "ner_mitie", "start": 4, "value": "pets"}], "intent": {"confidence": 1.9869176068298338, "name": "getHouseRule"}, "text": "Are pets allowed"}}
{"model": "default", "time": "2017-07-09T12:53:56.509915", "user_input": {"entities": [{"end": 18, "entity": "Amenity", "extractor": "ner_mitie", "start": 13, "value": "rooms"}], "intent": {"confidence": 0.9329719403798339, "name": "getInventory"}, "text": " Do you have rooms available"}}
{"model": "default", "time": "2017-07-09T12:53:56.511888", "user_input": {"entities": [{"end": 11, "entity": "Amenity", "extractor": "ner_mitie", "processors": ["ner_synonyms"], "start": 4, "value": "Amenity"}], "intent": {"confidence": 1.535039487267719, "name": "getAmenities"}, "text": " Is parking available"}}
{"model": "default", "time": "2017-07-09T12:53:56.513501", "user_input": {"entities": [], "intent": {"confidence": 0.0, "name": ""}, "text": ""}}
{"model": "default", "time": "2017-07-09T12:54:56.675255", "user_input": {"entities": [{"end": 8, "entity": "HouseRule", "extractor": "ner_mitie", "start": 4, "value": "pets"}], "intent": {"confidence": 1.9869176068298338, "name": "getHouseRule"}, "text": "Are pets allowed"}}
{"model": "default", "time": "2017-07-09T12:54:56.676948", "user_input": {"entities": [], "intent": {"confidence": 0.0, "name": ""}, "text": ""}}
{"model": "default", "time": "2017-07-09T12:54:56.678699", "user_input": {"entities": [{"end": 11, "entity": "Amenity", "extractor": "ner_mitie", "processors": ["ner_synonyms"], "start": 4, "value": "Amenity"}], "intent": {"confidence": 1.535039487267719, "name": "getAmenities"}, "text": " Is parking available"}}
{"model": "default", "time": "2017-07-09T12:54:56.680883", "user_input": {"entities": [{"end": 18, "entity": "Amenity", "extractor": "ner_mitie", "start": 13, "value": "rooms"}], "intent": {"confidence": 0.9329719403798339, "name": "getInventory"}, "text": " Do you have rooms available"}}
{"model": "default", "time": "2017-07-09T12:55:23.012221", "user_input": {"entities": [{"end": 8, "entity": "HouseRule", "extractor": "ner_mitie", "start": 4, "value": "pets"}], "intent": {"confidence": 1.9869176068298338, "name": "getHouseRule"}, "text": "Are pets allowed"}}
{"model": "default", "time": "2017-07-09T12:55:23.013615", "user_input": {"entities": [], "intent": {"confidence": 0.0, "name": ""}, "text": ""}}
{"model": "default", "time": "2017-07-09T12:55:23.015087", "user_input": {"entities": [{"end": 11, "entity": "Amenity", "extractor": "ner_mitie", "processors": ["ner_synonyms"], "start": 4, "value": "Amenity"}], "intent": {"confidence": 1.535039487267719, "name": "getAmenities"}, "text": " Is parking available"}}
{"model": "default", "time": "2017-07-09T12:55:23.017569", "user_input": {"entities": [{"end": 18, "entity": "Amenity", "extractor": "ner_mitie", "start": 13, "value": "rooms"}], "intent": {"confidence": 0.9329719403798339, "name": "getInventory"}, "text": " Do you have rooms available"}}
{"model": "default", "time": "2017-07-09T13:10:15.411821", "user_input": {"entities": [{"end": 8, "entity": "HouseRule", "extractor": "ner_mitie", "start": 4, "value": "pets"}], "intent": {"confidence": 1.9869176068298338, "name": "getHouseRule"}, "text": "Are pets allowed"}}
{"model": "default", "time": "2017-07-09T13:10:15.412887", "user_input": {"entities": [], "intent": {"confidence": 0.0, "name": ""}, "text": ""}}
{"model": "default", "time": "2017-07-09T13:10:15.414173", "user_input": {"entities": [{"end": 11, "entity": "Amenity", "extractor": "ner_mitie", "processors": ["ner_synonyms"], "start": 4, "value": "Amenity"}], "intent": {"confidence": 1.535039487267719, "name": "getAmenities"}, "text": " Is parking available"}}
{"model": "default", "time": "2017-07-09T13:10:15.415591", "user_input": {"entities": [{"end": 18, "entity": "Amenity", "extractor": "ner_mitie", "start": 13, "value": "rooms"}], "intent": {"confidence": 0.9329719403798339, "name": "getInventory"}, "text": " Do you have rooms available"}}
{"model": "default", "time": "2017-07-09T13:10:54.474256", "user_input": {"entities": [{"end": 8, "entity": "HouseRule", "extractor": "ner_mitie", "start": 4, "value": "pets"}], "intent": {"confidence": 1.9869176068298338, "name": "getHouseRule"}, "text": "Are pets allowed"}}
{"model": "default", "time": "2017-07-09T13:10:54.475458", "user_input": {"entities": [], "intent": {"confidence": 0.0, "name": ""}, "text": ""}}
{"model": "default", "time": "2017-07-09T13:10:54.476680", "user_input": {"entities": [{"end": 11, "entity": "Amenity", "extractor": "ner_mitie", "processors": ["ner_synonyms"], "start": 4, "value": "Amenity"}], "intent": {"confidence": 1.535039487267719, "name": "getAmenities"}, "text": " Is parking available"}}
{"model": "default", "time": "2017-07-09T13:10:54.478063", "user_input": {"entities": [{"end": 18, "entity": "Amenity", "extractor": "ner_mitie", "start": 13, "value": "rooms"}], "intent": {"confidence": 0.9329719403798339, "name": "getInventory"}, "text": " Do you have rooms available"}}
{"model": "default", "time": "2017-07-09T13:11:41.534845", "user_input": {"entities": [{"end": 8, "entity": "HouseRule", "extractor": "ner_mitie", "start": 4, "value": "pets"}], "intent": {"confidence": 1.9869176068298338, "name": "getHouseRule"}, "text": "Are pets allowed"}}
{"model": "default", "time": "2017-07-09T13:11:41.535861", "user_input": {"entities": [], "intent": {"confidence": 0.0, "name": ""}, "text": ""}}
{"model": "default", "time": "2017-07-09T13:11:41.537223", "user_input": {"entities": [{"end": 11, "entity": "Amenity", "extractor": "ner_mitie", "processors": ["ner_synonyms"], "start": 4, "value": "Amenity"}], "intent": {"confidence": 1.535039487267719, "name": "getAmenities"}, "text": " Is parking available"}}
{"model": "default", "time": "2017-07-09T13:11:41.539003", "user_input": {"entities": [{"end": 18, "entity": "Amenity", "extractor": "ner_mitie", "start": 13, "value": "rooms"}], "intent": {"confidence": 0.9329719403798339, "name": "getInventory"}, "text": " Do you have rooms available"}}
{"model": "default", "time": "2017-07-09T13:11:52.285091", "user_input": {"entities": [{"end": 8, "entity": "HouseRule", "extractor": "ner_mitie", "start": 4, "value": "pets"}], "intent": {"confidence": 1.9869176068298338, "name": "getHouseRule"}, "text": "Are pets allowed"}}
{"model": "default", "time": "2017-07-09T13:11:52.286392", "user_input": {"entities": [], "intent": {"confidence": 0.0, "name": ""}, "text": ""}}
{"model": "default", "time": "2017-07-09T13:11:52.287721", "user_input": {"entities": [{"end": 11, "entity": "Amenity", "extractor": "ner_mitie", "processors": ["ner_synonyms"], "start": 4, "value": "Amenity"}], "intent": {"confidence": 1.535039487267719, "name": "getAmenities"}, "text": " Is parking available"}}
{"model": "default", "time": "2017-07-09T13:11:52.289092", "user_input": {"entities": [{"end": 18, "entity": "Amenity", "extractor": "ner_mitie", "start": 13, "value": "rooms"}], "intent": {"confidence": 0.9329719403798339, "name": "getInventory"}, "text": " Do you have rooms available"}}
{"model": "default", "time": "2017-07-09T13:13:49.190611", "user_input": {"entities": [], "intent": {"confidence": 0.7949763877469204, "name": "getInventory"}, "text": "We are 5 guests, would need 2 tents"}}
{"model": "default", "time": "2017-07-09T13:13:49.191639", "user_input": {"entities": [], "intent": {"confidence": 0.0, "name": ""}, "text": ""}}
{"model": "default", "time": "2017-07-09T13:13:49.193458", "user_input": {"entities": [{"end": 5, "entity": "Amenity", "extractor": "ner_mitie", "start": 1, "value": "Also"}, {"end": 37, "entity": "Amenity", "extractor": "ner_mitie", "start": 32, "value": "quote"}], "intent": {"confidence": 0.6014303693645388, "name": "getHouseRule"}, "text": " Also, can you share your final quote"}}
{"model": "default", "time": "2017-07-09T13:13:49.195679", "user_input": {"entities": [{"end": 24, "entity": "Amenity", "extractor": "ner_mitie", "start": 19, "value": "river"}], "intent": {"confidence": 0.5153587198910977, "name": "getInventory"}, "text": " Is this next to a river or a stream"}}
{"model": "default", "time": "2017-07-09T13:14:07.615096", "user_input": {"entities": [], "intent": {"confidence": 0.7949763877469204, "name": "getInventory"}, "text": "We are 5 guests, would need 2 tents"}}
{"model": "default", "time": "2017-07-09T13:14:07.616215", "user_input": {"entities": [], "intent": {"confidence": 0.0, "name": ""}, "text": ""}}
{"model": "default", "time": "2017-07-09T13:14:07.617650", "user_input": {"entities": [{"end": 5, "entity": "Amenity", "extractor": "ner_mitie", "start": 1, "value": "Also"}, {"end": 37, "entity": "Amenity", "extractor": "ner_mitie", "start": 32, "value": "quote"}], "intent": {"confidence": 0.6014303693645388, "name": "getHouseRule"}, "text": " Also, can you share your final quote"}}
{"model": "default", "time": "2017-07-09T13:14:07.619263", "user_input": {"entities": [{"end": 24, "entity": "Amenity", "extractor": "ner_mitie", "start": 19, "value": "river"}], "intent": {"confidence": 0.5153587198910977, "name": "getInventory"}, "text": " Is this next to a river or a stream"}}
{"model": "default", "time": "2017-07-09T13:14:31.422803", "user_input": {"entities": [], "intent": {"confidence": 0.7949763877469204, "name": "getInventory"}, "text": "We are 5 guests, would need 2 tents"}}
{"model": "default", "time": "2017-07-09T13:14:31.423865", "user_input": {"entities": [], "intent": {"confidence": 0.0, "name": ""}, "text": ""}}
{"model": "default", "time": "2017-07-09T13:14:31.425270", "user_input": {"entities": [{"end": 5, "entity": "Amenity", "extractor": "ner_mitie", "start": 1, "value": "Also"}, {"end": 37, "entity": "Amenity", "extractor": "ner_mitie", "start": 32, "value": "quote"}], "intent": {"confidence": 0.6014303693645388, "name": "getHouseRule"}, "text": " Also, can you share your final quote"}}
{"model": "default", "time": "2017-07-09T13:14:31.426871", "user_input": {"entities": [{"end": 24, "entity": "Amenity", "extractor": "ner_mitie", "start": 19, "value": "river"}], "intent": {"confidence": 0.5153587198910977, "name": "getInventory"}, "text": " Is this next to a river or a stream"}}
{"model": "default", "time": "2017-07-09T13:14:49.873396", "user_input": {"entities": [], "intent": {"confidence": 0.7949763877469204, "name": "getInventory"}, "text": "We are 5 guests, would need 2 tents"}}
{"model": "default", "time": "2017-07-09T13:14:49.874724", "user_input": {"entities": [], "intent": {"confidence": 0.0, "name": ""}, "text": ""}}
{"model": "default", "time": "2017-07-09T13:14:49.876461", "user_input": {"entities": [{"end": 5, "entity": "Amenity", "extractor": "ner_mitie", "start": 1, "value": "Also"}, {"end": 37, "entity": "Amenity", "extractor": "ner_mitie", "start": 32, "value": "quote"}], "intent": {"confidence": 0.6014303693645388, "name": "getHouseRule"}, "text": " Also, can you share your final quote"}}
{"model": "default", "time": "2017-07-09T13:14:49.878367", "user_input": {"entities": [{"end": 24, "entity": "Amenity", "extractor": "ner_mitie", "start": 19, "value": "river"}], "intent": {"confidence": 0.5153587198910977, "name": "getInventory"}, "text": " Is this next to a river or a stream"}}
{"model": "default", "time": "2017-07-09T13:15:24.959074", "user_input": {"entities": [], "intent": {"confidence": 0.7949763877469204, "name": "getInventory"}, "text": "We are 5 guests, would need 2 tents"}}
{"model": "default", "time": "2017-07-09T13:15:24.960022", "user_input": {"entities": [], "intent": {"confidence": 0.0, "name": ""}, "text": ""}}
{"model": "default", "time": "2017-07-09T13:15:24.961439", "user_input": {"entities": [{"end": 5, "entity": "Amenity", "extractor": "ner_mitie", "start": 1, "value": "Also"}, {"end": 37, "entity": "Amenity", "extractor": "ner_mitie", "start": 32, "value": "quote"}], "intent": {"confidence": 0.6014303693645388, "name": "getHouseRule"}, "text": " Also, can you share your final quote"}}
{"model": "default", "time": "2017-07-09T13:15:24.962964", "user_input": {"entities": [{"end": 24, "entity": "Amenity", "extractor": "ner_mitie", "start": 19, "value": "river"}], "intent": {"confidence": 0.5153587198910977, "name": "getInventory"}, "text": " Is this next to a river or a stream"}}
{"model": "default", "time": "2017-07-09T13:15:54.793011", "user_input": {"entities": [], "intent": {"confidence": 0.7949763877469204, "name": "getInventory"}, "text": "We are 5 guests, would need 2 tents"}}
{"model": "default", "time": "2017-07-09T13:15:54.794194", "user_input": {"entities": [], "intent": {"confidence": 0.0, "name": ""}, "text": ""}}
{"model": "default", "time": "2017-07-09T13:15:54.796161", "user_input": {"entities": [{"end": 5, "entity": "Amenity", "extractor": "ner_mitie", "start": 1, "value": "Also"}, {"end": 37, "entity": "Amenity", "extractor": "ner_mitie", "start": 32, "value": "quote"}], "intent": {"confidence": 0.6014303693645388, "name": "getHouseRule"}, "text": " Also, can you share your final quote"}}
{"model": "default", "time": "2017-07-09T13:15:54.798198", "user_input": {"entities": [{"end": 24, "entity": "Amenity", "extractor": "ner_mitie", "start": 19, "value": "river"}], "intent": {"confidence": 0.5153587198910977, "name": "getInventory"}, "text": " Is this next to a river or a stream"}}
{"model": "default", "time": "2017-07-09T13:26:10.196897", "user_input": {"entities": [{"end": 14, "entity": "HouseRule", "extractor": "ner_mitie", "start": 9, "value": "rooms"}, {"end": 54, "entity": "precipitationType", "extractor": "ner_mitie", "start": 43, "value": "accomodated"}, {"end": 63, "entity": "Amenity", "extractor": "ner_mitie", "start": 58, "value": "total"}], "intent": {"confidence": 0.43047341448514725, "name": "getInventory"}, "text": "How many rooms and how many members can be accomodated in total"}}
{"model": "default", "time": "2017-07-09T13:26:10.199075", "user_input": {"entities": [{"end": 57, "entity": "Amenity", "extractor": "ner_mitie", "start": 50, "value": "carried"}], "intent": {"confidence": 0.4325527841160958, "name": "getHouseRule"}, "text": "where can we buy things we need and what is to be carried"}}
{"model": "default", "time": "2017-07-09T13:26:10.201256", "user_input": {"entities": [{"end": 34, "entity": "Amenity", "extractor": "ner_mitie", "start": 28, "value": "kitcen"}, {"end": 50, "entity": "HouseRule", "extractor": "ner_mitie", "start": 46, "value": "cook"}], "intent": {"confidence": 1.0651103533738009, "name": "getAmenities"}, "text": "Do you have a well equipped kitcen and can we cook"}}
{"model": "default", "time": "2017-07-09T13:26:28.047050", "user_input": {"entities": [{"end": 14, "entity": "HouseRule", "extractor": "ner_mitie", "start": 9, "value": "rooms"}, {"end": 54, "entity": "precipitationType", "extractor": "ner_mitie", "start": 43, "value": "accomodated"}, {"end": 63, "entity": "Amenity", "extractor": "ner_mitie", "start": 58, "value": "total"}], "intent": {"confidence": 0.43047341448514725, "name": "getInventory"}, "text": "How many rooms and how many members can be accomodated in total"}}
{"model": "default", "time": "2017-07-09T13:26:28.049218", "user_input": {"entities": [{"end": 57, "entity": "Amenity", "extractor": "ner_mitie", "start": 50, "value": "carried"}], "intent": {"confidence": 0.4325527841160958, "name": "getHouseRule"}, "text": "where can we buy things we need and what is to be carried"}}
{"model": "default", "time": "2017-07-09T13:26:28.051439", "user_input": {"entities": [{"end": 34, "entity": "Amenity", "extractor": "ner_mitie", "start": 28, "value": "kitcen"}, {"end": 50, "entity": "HouseRule", "extractor": "ner_mitie", "start": 46, "value": "cook"}], "intent": {"confidence": 1.0651103533738009, "name": "getAmenities"}, "text": "Do you have a well equipped kitcen and can we cook"}}
{"model": "default", "time": "2017-07-09T13:27:59.803087", "user_input": {"entities": [{"end": 40, "entity": "Amenity", "extractor": "ner_mitie", "start": 36, "value": "road"}], "intent": {"confidence": 0.404699372034458, "name": "getLocation"}, "text": "i just want to know how far is mall road manali from this place"}}
{"model": "default", "time": "2017-07-09T13:27:59.804283", "user_input": {"entities": [], "intent": {"confidence": 0.0, "name": ""}, "text": ""}}
{"model": "default", "time": "2017-07-09T13:27:59.806374", "user_input": {"entities": [{"end": 12, "entity": "HouseRule", "extractor": "ner_mitie", "start": 6, "value": "coming"}, {"end": 57, "entity": "HouseRule", "extractor": "ner_mitie", "start": 45, "value": "surroundings"}], "intent": {"confidence": 0.554878424107448, "name": "getHouseRule"}, "text": " i am coming with family and kids so are the surroundings safe"}}
{"model": "default", "time": "2017-07-09T13:29:12.685606", "user_input": {"entities": [{"end": 40, "entity": "Amenity", "extractor": "ner_mitie", "start": 36, "value": "road"}], "intent": {"confidence": 0.404699372034458, "name": "getLocation"}, "text": "i just want to know how far is mall road manali from this place"}}
{"model": "default", "time": "2017-07-09T13:29:12.686711", "user_input": {"entities": [], "intent": {"confidence": 0.0, "name": ""}, "text": ""}}
{"model": "default", "time": "2017-07-09T13:29:12.688200", "user_input": {"entities": [{"end": 12, "entity": "HouseRule", "extractor": "ner_mitie", "start": 6, "value": "coming"}, {"end": 57, "entity": "HouseRule", "extractor": "ner_mitie", "start": 45, "value": "surroundings"}], "intent": {"confidence": 0.554878424107448, "name": "getHouseRule"}, "text": " i am coming with family and kids so are the surroundings safe"}}
{"model": "default", "time": "2017-07-09T13:29:35.055559", "user_input": {"entities": [{"end": 40, "entity": "Amenity", "extractor": "ner_mitie", "start": 36, "value": "road"}], "intent": {"confidence": 0.404699372034458, "name": "getLocation"}, "text": "i just want to know how far is mall road manali from this place"}}
{"model": "default", "time": "2017-07-09T13:29:35.056817", "user_input": {"entities": [], "intent": {"confidence": 0.0, "name": ""}, "text": ""}}
{"model": "default", "time": "2017-07-09T13:29:35.058522", "user_input": {"entities": [{"end": 12, "entity": "HouseRule", "extractor": "ner_mitie", "start": 6, "value": "coming"}, {"end": 57, "entity": "HouseRule", "extractor": "ner_mitie", "start": 45, "value": "surroundings"}], "intent": {"confidence": 0.554878424107448, "name": "getHouseRule"}, "text": " i am coming with family and kids so are the surroundings safe"}}
{"model": "default", "time": "2017-07-09T13:30:12.420928", "user_input": {"entities": [{"end": 27, "entity": "Amenity", "extractor": "ner_mitie", "start": 23, "value": "life"}], "intent": {"confidence": 0.6946774182407065, "name": "getInventory"}, "text": "What is the meaning of life"}}
{"model": "default", "time": "2017-07-09T13:30:12.421937", "user_input": {"entities": [], "intent": {"confidence": 0.0, "name": ""}, "text": ""}}
{"model": "default", "time": "2017-07-09T13:30:52.292610", "user_input": {"entities": [{"end": 9, "entity": "HouseRule", "extractor": "ner_mitie", "start": 0, "value": "unmarried"}, {"end": 14, "entity": "Amenity", "extractor": "ner_mitie", "start": 10, "value": "teen"}], "intent": {"confidence": 1.1622475593756474, "name": "getHouseRule"}, "text": "unmarried teen age local couple"}}
{"model": "default", "time": "2017-07-09T13:30:52.294597", "user_input": {"entities": [], "intent": {"confidence": 0.6442955573659277, "name": "getInfo"}, "text": " will you allow"}}
