{"model": "default", "time": "2017-07-11T11:04:57.824156", "user_input": {"entities": [{"end": 60, "entity": "precipitationType", "extractor": "ner_mitie", "processors": ["ner_synonyms"], "start": 51, "value": "Available"}], "intent": {"confidence": 1.1427828434439087, "name": "getInventory"}, "text": "can you just confirm whether this property will be available for the given time period"}}
{"model": "default", "time": "2017-07-11T11:04:57.825942", "user_input": {"entities": [], "intent": {"confidence": 0.7010349891123218, "name": "getInventory"}, "text": " so if u confirm we will book tgis right now"}}
{"model": "default", "time": "2017-07-11T11:04:57.827804", "user_input": {"entities": [{"end": 15, "entity": "Amenity", "extractor": "ner_mitie", "start": 8, "value": "looking"}, {"end": 30, "entity": "HouseRule", "extractor": "ner_mitie", "start": 25, "value": "house"}], "intent": {"confidence": 0.6663680694188248, "name": "getInventory"}, "text": " we are looking for this house"}}
{"model": "default", "time": "2017-07-11T11:05:21.782770", "user_input": {"entities": [{"end": 15, "entity": "precipitationType", "extractor": "ner_mitie", "processors": ["ner_synonyms"], "start": 6, "value": "Available"}], "intent": {"confidence": 1.1678976112930384, "name": "getInventory"}, "text": "Is it available"}}
{"model": "default", "time": "2017-07-11T11:05:21.783854", "user_input": {"entities": [], "intent": {"confidence": 0.0, "name": ""}, "text": ""}}
{"model": "default", "time": "2017-07-11T11:05:49.111568", "user_input": {"entities": [{"end": 20, "entity": "Amenity", "extractor": "ner_mitie", "start": 18, "value": "to"}], "intent": {"confidence": 0.460026374897875, "name": "getInfo"}, "text": "Will I get access to Jaccuzi"}}
{"model": "default", "time": "2017-07-11T11:05:49.112537", "user_input": {"entities": [], "intent": {"confidence": 0.0, "name": ""}, "text": ""}}
{"model": "default", "time": "2017-07-11T11:05:59.330411", "user_input": {"entities": [{"end": 7, "entity": "Amenity", "extractor": "ner_mitie", "start": 0, "value": "Jaccuzi"}], "intent": {"confidence": 0.2253169258563363, "name": "getHouseRule"}, "text": "Jaccuzi"}}
{"model": "default", "time": "2017-07-11T11:05:59.331436", "user_input": {"entities": [], "intent": {"confidence": 0.0, "name": ""}, "text": ""}}
{"model": "default", "time": "2017-07-11T11:06:07.895833", "user_input": {"entities": [{"end": 7, "entity": "Amenity", "extractor": "ner_mitie", "processors": ["ner_synonyms"], "start": 0, "value": "Amenity"}], "intent": {"confidence": 1.8442900860709175, "name": "getAmenities"}, "text": "Jacuzzi"}}
{"model": "default", "time": "2017-07-11T11:06:07.896962", "user_input": {"entities": [], "intent": {"confidence": 0.0, "name": ""}, "text": ""}}
{"model": "default", "time": "2017-07-11T11:06:20.420495", "user_input": {"entities": [{"end": 20, "entity": "Amenity", "extractor": "ner_mitie", "start": 18, "value": "to"}, {"end": 28, "entity": "Amenity", "extractor": "ner_mitie", "processors": ["ner_synonyms"], "start": 21, "value": "Amenity"}], "intent": {"confidence": 0.3348895792418902, "name": "getInfo"}, "text": "Will I get access to Jacuzzi"}}
{"model": "default", "time": "2017-07-11T11:06:20.421600", "user_input": {"entities": [], "intent": {"confidence": 0.0, "name": ""}, "text": ""}}
{"model": "default", "time": "2017-07-11T11:06:34.018958", "user_input": {"entities": [{"end": 13, "entity": "HouseRule", "extractor": "ner_mitie", "start": 11, "value": "to"}, {"end": 29, "entity": "Amenity", "extractor": "ner_mitie", "processors": ["ner_synonyms"], "start": 22, "value": "Amenity"}], "intent": {"confidence": 0.4929946251416682, "name": "getInfo"}, "text": "Will I get to use the Jacuzzi"}}
{"model": "default", "time": "2017-07-11T11:06:34.020049", "user_input": {"entities": [], "intent": {"confidence": 0.0, "name": ""}, "text": ""}}
{"model": "default", "time": "2017-07-11T11:06:51.182345", "user_input": {"entities": [{"end": 19, "entity": "Amenity", "extractor": "ner_mitie", "processors": ["ner_synonyms"], "start": 12, "value": "Amenity"}], "intent": {"confidence": 0.8837149589515952, "name": "getAmenities"}, "text": "Do you have Jacuzzi"}}
{"model": "default", "time": "2017-07-11T11:06:51.183341", "user_input": {"entities": [], "intent": {"confidence": 0.0, "name": ""}, "text": ""}}
{"model": "default", "time": "2017-07-11T11:07:12.136599", "user_input": {"entities": [{"end": 20, "entity": "Amenity", "extractor": "ner_mitie", "start": 18, "value": "to"}, {"end": 32, "entity": "Amenity", "extractor": "ner_mitie", "processors": ["ner_synonyms"], "start": 25, "value": "Amenity"}], "intent": {"confidence": 0.1919146078168934, "name": "getInfo"}, "text": "Will I get access to the Jacuzzi?"}}
{"model": "default", "time": "2017-07-11T11:07:42.769051", "user_input": {"entities": [{"end": 26, "entity": "Amenity", "extractor": "ner_mitie", "start": 21, "value": "Rajiv"}, {"end": 32, "entity": "Amenity", "extractor": "ner_mitie", "start": 27, "value": "Chowk"}], "intent": {"confidence": 0.410604181121704, "name": "getLocation"}, "text": "How far is this from Rajiv Chowk"}}
{"model": "default", "time": "2017-07-11T11:08:01.734269", "user_input": {"entities": [{"end": 26, "entity": "HouseRule", "extractor": "ner_mitie", "start": 21, "value": "Rajiv"}, {"end": 32, "entity": "Amenity", "extractor": "ner_mitie", "start": 27, "value": "Chowk"}], "intent": {"confidence": 0.2979975570067569, "name": "getLocation"}, "text": "How far is this from Rajiv Chowk?"}}
{"model": "default", "time": "2017-07-11T11:08:17.018102", "user_input": {"entities": [{"end": 35, "entity": "Amenity", "extractor": "ner_mitie", "start": 28, "value": "Station"}], "intent": {"confidence": 0.6416843867906888, "name": "getAmenities"}, "text": "How near it is from Railway Station?"}}
{"model": "default", "time": "2017-07-11T11:08:32.130065", "user_input": {"entities": [{"end": 28, "entity": "Amenity", "extractor": "ner_mitie", "start": 21, "value": "Airport"}], "intent": {"confidence": 0.39944172337805994, "name": "getAmenities"}, "text": "How close it is from Airport?"}}
{"model": "default", "time": "2017-07-11T11:08:48.104519", "user_input": {"entities": [{"end": 29, "entity": "Amenity", "extractor": "ner_mitie", "start": 23, "value": "temple"}], "intent": {"confidence": 0.41005691432471103, "name": "getInventory"}, "text": "How far is it from the temple?"}}
{"model": "default", "time": "2017-07-11T11:08:59.047789", "user_input": {"entities": [{"end": 18, "entity": "Amenity", "extractor": "ner_mitie", "start": 13, "value": "hotel"}], "intent": {"confidence": 0.4466036844809252, "name": "getLocation"}, "text": "Where is the hotel?"}}
{"model": "default", "time": "2017-07-11T11:09:15.192081", "user_input": {"entities": [{"end": 18, "entity": "Amenity", "extractor": "ner_mitie", "start": 13, "value": "hotel"}], "intent": {"confidence": 1.0873421944856216, "name": "getLocation"}, "text": "Where is the hotel located?"}}
{"model": "default", "time": "2017-07-11T11:12:38.143859", "user_input": {"entities": [], "intent": {"confidence": 1.0986901684492212, "name": "getInventory"}, "text": "I want a room for tomorrow"}}
{"model": "default", "time": "2017-07-11T11:12:51.216296", "user_input": {"entities": [], "intent": {"confidence": 1.0934076871502947, "name": "getInventory"}, "text": "hi is this property available for mentioned dates"}}
{"model": "default", "time": "2017-07-11T11:13:35.708369", "user_input": {"entities": [{"end": 62, "entity": "Amenity", "extractor": "ner_mitie", "start": 56, "value": "family"}], "intent": {"confidence": 0.40887221819468267, "name": "getInventory"}, "text": "Hi I am want to book you cottage for my friends which a family of 3"}}
{"model": "default", "time": "2017-07-11T11:13:35.709271", "user_input": {"entities": [], "intent": {"confidence": 0.0, "name": ""}, "text": ""}}
{"model": "default", "time": "2017-07-11T11:13:35.710605", "user_input": {"entities": [{"end": 50, "entity": "HouseRule", "extractor": "ner_mitie", "start": 42, "value": "visiting"}], "intent": {"confidence": 0.7323353580312284, "name": "getInventory"}, "text": " Please give me your phone number as I am visiting bhowlai tomorrow"}}
{"model": "default", "time": "2017-07-11T11:13:35.712049", "user_input": {"entities": [], "intent": {"confidence": 0.5361794774069236, "name": "getInventory"}, "text": "  I got the quote for 4500 per night"}}
{"model": "default", "time": "2017-07-11T11:14:02.924399", "user_input": {"entities": [{"end": 3, "entity": "Amenity", "extractor": "ner_mitie", "start": 0, "value": "HOW"}], "intent": {"confidence": 0.24116648820341366, "name": "GetWeather"}, "text": "HOW FAR IS THE HOUSE FROM T A PAI INTERNATIONAL CONVENTION CENTRE"}}
{"model": "default", "time": "2017-07-11T11:14:02.925335", "user_input": {"entities": [], "intent": {"confidence": 0.0, "name": ""}, "text": ""}}
{"model": "default", "time": "2017-07-11T11:14:13.189638", "user_input": {"entities": [{"end": 3, "entity": "Amenity", "extractor": "ner_mitie", "start": 0, "value": "HOW"}], "intent": {"confidence": 0.2584354402977369, "name": "GetWeather"}, "text": "HOW FAR IS THE HOUSE FROM T A PAI INTERNATIONAL CONVENTION CENTRE?"}}
{"model": "default", "time": "2017-07-11T11:14:45.463038", "user_input": {"entities": [], "intent": {"confidence": 0.8443060943443571, "name": "getInfo"}, "text": " thank you"}}
{"model": "default", "time": "2017-07-11T11:14:45.464890", "user_input": {"entities": [{"end": 42, "entity": "HouseRule", "extractor": "ner_mitie", "start": 37, "value": "items"}], "intent": {"confidence": 2.5020155758345055, "name": "getInventory"}, "text": "can i know the cost for 5 guests and items provided as per the cost"}}
{"model": "default", "time": "2017-07-11T11:15:28.663724", "user_input": {"entities": [], "intent": {"confidence": 0.3083904575200168, "name": "getInventory"}, "text": "Is it safe for family"}}
{"model": "default", "time": "2017-07-11T11:15:28.664602", "user_input": {"entities": [], "intent": {"confidence": 0.0, "name": ""}, "text": ""}}
{"model": "default", "time": "2017-07-11T11:15:28.665893", "user_input": {"entities": [{"end": 5, "entity": "Amenity", "extractor": "ner_mitie", "start": 1, "value": "Food"}], "intent": {"confidence": 1.0130684515908341, "name": "getAmenities"}, "text": " Food available at place or need to arrange from outside"}}
